0 verbose cli /usr/bin/node /usr/bin/npm
1 info using npm@10.9.0
2 info using node@v18.20.4
3 silly config load:file:/usr/lib/node_modules/npm/npmrc
4 silly config load:file:/var/www/.npmrc
5 silly config load:file:/usr/etc/npmrc
6 verbose title npm install
7 verbose argv "install"
8 verbose logfile logs-max:10 dir:/var/www/.npm/_logs/2024-10-09T20_50_41_798Z-
9 verbose logfile /var/www/.npm/_logs/2024-10-09T20_50_41_798Z-debug-0.log
10 silly logfile done cleaning log files
11 silly packumentCache heap:2197815296 maxSize:549453824 maxEntrySize:274726912
12 silly idealTree buildDeps
13 silly reify moves {}
14 silly audit bulk request {
14 silly audit   '@alloc/quick-lru': [ '5.2.0' ],
14 silly audit   '@antfu/utils': [ '0.7.10' ],
14 silly audit   '@babel/helper-string-parser': [ '7.25.7' ],
14 silly audit   '@babel/helper-validator-identifier': [ '7.25.7' ],
14 silly audit   '@babel/parser': [ '7.25.7' ],
14 silly audit   '@babel/runtime': [ '7.25.7' ],
14 silly audit   '@babel/types': [ '7.25.7' ],
14 silly audit   '@esbuild/aix-ppc64': [ '0.21.5' ],
14 silly audit   '@esbuild/android-arm': [ '0.21.5' ],
14 silly audit   '@esbuild/android-arm64': [ '0.21.5' ],
14 silly audit   '@esbuild/android-x64': [ '0.21.5' ],
14 silly audit   '@esbuild/darwin-arm64': [ '0.21.5' ],
14 silly audit   '@esbuild/darwin-x64': [ '0.21.5' ],
14 silly audit   '@esbuild/freebsd-arm64': [ '0.21.5' ],
14 silly audit   '@esbuild/freebsd-x64': [ '0.21.5' ],
14 silly audit   '@esbuild/linux-arm': [ '0.21.5' ],
14 silly audit   '@esbuild/linux-arm64': [ '0.21.5' ],
14 silly audit   '@esbuild/linux-ia32': [ '0.21.5' ],
14 silly audit   '@esbuild/linux-loong64': [ '0.21.5' ],
14 silly audit   '@esbuild/linux-mips64el': [ '0.21.5' ],
14 silly audit   '@esbuild/linux-ppc64': [ '0.21.5' ],
14 silly audit   '@esbuild/linux-riscv64': [ '0.21.5' ],
14 silly audit   '@esbuild/linux-s390x': [ '0.21.5' ],
14 silly audit   '@esbuild/linux-x64': [ '0.21.5' ],
14 silly audit   '@esbuild/netbsd-x64': [ '0.21.5' ],
14 silly audit   '@esbuild/openbsd-x64': [ '0.21.5' ],
14 silly audit   '@esbuild/sunos-x64': [ '0.21.5' ],
14 silly audit   '@esbuild/win32-arm64': [ '0.21.5' ],
14 silly audit   '@esbuild/win32-ia32': [ '0.21.5' ],
14 silly audit   '@esbuild/win32-x64': [ '0.21.5' ],
14 silly audit   '@inertiajs/core': [ '1.2.0' ],
14 silly audit   '@inertiajs/vue3': [ '1.2.0' ],
14 silly audit   '@intlify/core-base': [ '10.0.4' ],
14 silly audit   '@intlify/message-compiler': [ '10.0.4' ],
14 silly audit   '@intlify/shared': [ '10.0.4' ],
14 silly audit   '@isaacs/cliui': [ '8.0.2' ],
14 silly audit   '@jridgewell/gen-mapping': [ '0.3.5' ],
14 silly audit   '@jridgewell/resolve-uri': [ '3.1.2' ],
14 silly audit   '@jridgewell/set-array': [ '1.2.1' ],
14 silly audit   '@jridgewell/sourcemap-codec': [ '1.5.0' ],
14 silly audit   '@jridgewell/trace-mapping': [ '0.3.25' ],
14 silly audit   '@nodelib/fs.scandir': [ '2.1.5' ],
14 silly audit   '@nodelib/fs.stat': [ '2.0.5' ],
14 silly audit   '@nodelib/fs.walk': [ '1.2.8' ],
14 silly audit   '@pkgjs/parseargs': [ '0.11.0' ],
14 silly audit   '@primeuix/styled': [ '0.0.5' ],
14 silly audit   '@primeuix/utils': [ '0.0.5' ],
14 silly audit   '@primevue/auto-import-resolver': [ '4.0.7' ],
14 silly audit   '@primevue/core': [ '4.0.7' ],
14 silly audit   '@primevue/icons': [ '4.0.7' ],
14 silly audit   '@primevue/metadata': [ '4.0.7' ],
14 silly audit   '@primevue/themes': [ '4.0.7' ],
14 silly audit   '@rollup/pluginutils': [ '5.1.2' ],
14 silly audit   '@rollup/rollup-android-arm-eabi': [ '4.24.0' ],
14 silly audit   '@rollup/rollup-android-arm64': [ '4.24.0' ],
14 silly audit   '@rollup/rollup-darwin-arm64': [ '4.24.0' ],
14 silly audit   '@rollup/rollup-darwin-x64': [ '4.24.0' ],
14 silly audit   '@rollup/rollup-linux-arm-gnueabihf': [ '4.24.0' ],
14 silly audit   '@rollup/rollup-linux-arm-musleabihf': [ '4.24.0' ],
14 silly audit   '@rollup/rollup-linux-arm64-gnu': [ '4.24.0' ],
14 silly audit   '@rollup/rollup-linux-arm64-musl': [ '4.24.0' ],
14 silly audit   '@rollup/rollup-linux-powerpc64le-gnu': [ '4.24.0' ],
14 silly audit   '@rollup/rollup-linux-riscv64-gnu': [ '4.24.0' ],
14 silly audit   '@rollup/rollup-linux-s390x-gnu': [ '4.24.0' ],
14 silly audit   '@rollup/rollup-linux-x64-gnu': [ '4.24.0' ],
14 silly audit   '@rollup/rollup-linux-x64-musl': [ '4.24.0' ],
14 silly audit   '@rollup/rollup-win32-arm64-msvc': [ '4.24.0' ],
14 silly audit   '@rollup/rollup-win32-ia32-msvc': [ '4.24.0' ],
14 silly audit   '@rollup/rollup-win32-x64-msvc': [ '4.24.0' ],
14 silly audit   '@tailwindcss/forms': [ '0.5.9' ],
14 silly audit   '@types/estree': [ '1.0.6' ],
14 silly audit   '@types/raf': [ '3.4.3' ],
14 silly audit   '@vitejs/plugin-vue': [ '5.1.4' ],
14 silly audit   '@vue/compiler-core': [ '3.5.11' ],
14 silly audit   '@vue/compiler-dom': [ '3.5.11' ],
14 silly audit   '@vue/compiler-sfc': [ '3.5.11' ],
14 silly audit   '@vue/compiler-ssr': [ '3.5.11' ],
14 silly audit   '@vue/devtools-api': [ '6.6.4' ],
14 silly audit   '@vue/reactivity': [ '3.5.11' ],
14 silly audit   '@vue/runtime-core': [ '3.5.11' ],
14 silly audit   '@vue/runtime-dom': [ '3.5.11' ],
14 silly audit   '@vue/server-renderer': [ '3.5.11' ],
14 silly audit   '@vue/shared': [ '3.5.11' ],
14 silly audit   acorn: [ '8.12.1' ],
14 silly audit   'ansi-regex': [ '6.1.0', '5.0.1' ],
14 silly audit   'ansi-styles': [ '6.2.1', '4.3.0' ],
14 silly audit   'any-promise': [ '1.3.0' ],
14 silly audit   anymatch: [ '3.1.3' ],
14 silly audit   arg: [ '5.0.2' ],
14 silly audit   asynckit: [ '0.4.0' ],
14 silly audit   atob: [ '2.1.2' ],
14 silly audit   autoprefixer: [ '10.4.20' ],
14 silly audit   axios: [ '1.7.7' ],
14 silly audit   'balanced-match': [ '1.0.2' ],
14 silly audit   'base64-arraybuffer': [ '1.0.2' ],
14 silly audit   'binary-extensions': [ '2.3.0' ],
14 silly audit   'brace-expansion': [ '2.0.1' ],
14 silly audit   braces: [ '3.0.3' ],
14 silly audit   browserslist: [ '4.24.0' ],
14 silly audit   btoa: [ '1.2.1' ],
14 silly audit   'call-bind': [ '1.0.7' ],
14 silly audit   'camelcase-css': [ '2.0.1' ],
14 silly audit   'caniuse-lite': [ '1.0.30001667' ],
14 silly audit   canvg: [ '3.0.10' ],
14 silly audit   'regenerator-runtime': [ '0.13.11', '0.14.1' ],
14 silly audit   chokidar: [ '3.6.0' ],
14 silly audit   'glob-parent': [ '5.1.2', '6.0.2' ],
14 silly audit   'color-convert': [ '2.0.1' ],
14 silly audit   'color-name': [ '1.1.4' ],
14 silly audit   'combined-stream': [ '1.0.8' ],
14 silly audit   commander: [ '4.1.1' ],
14 silly audit   confbox: [ '0.1.7' ],
14 silly audit   'core-js': [ '3.38.1' ],
14 silly audit   'cross-spawn': [ '7.0.3' ],
14 silly audit   'css-line-break': [ '2.1.0' ],
14 silly audit   cssesc: [ '3.0.0' ],
14 silly audit   csstype: [ '3.1.3' ],
14 silly audit   debug: [ '4.3.7' ],
14 silly audit   deepmerge: [ '4.3.1' ],
14 silly audit   'define-data-property': [ '1.1.4' ],
14 silly audit   'delayed-stream': [ '1.0.0' ],
14 silly audit   didyoumean: [ '1.2.2' ],
14 silly audit   dlv: [ '1.1.3' ],
14 silly audit   dompurify: [ '2.5.7' ],
14 silly audit   eastasianwidth: [ '0.2.0' ],
14 silly audit   'electron-to-chromium': [ '1.5.32' ],
14 silly audit   'emoji-regex': [ '9.2.2', '8.0.0' ],
14 silly audit   entities: [ '4.5.0' ],
14 silly audit   'es-define-property': [ '1.0.0' ],
14 silly audit   'es-errors': [ '1.3.0' ],
14 silly audit   'es6-promise': [ '4.2.8' ],
14 silly audit   esbuild: [ '0.21.5' ],
14 silly audit   escalade: [ '3.2.0' ],
14 silly audit   'estree-walker': [ '2.0.2' ],
14 silly audit   'fast-glob': [ '3.3.2' ],
14 silly audit   fastq: [ '1.17.1' ],
14 silly audit   fflate: [ '0.8.2' ],
14 silly audit   'fill-range': [ '7.1.1' ],
14 silly audit   'follow-redirects': [ '1.15.9' ],
14 silly audit   'foreground-child': [ '3.3.0' ],
14 silly audit   'form-data': [ '4.0.0' ],
14 silly audit   'fraction.js': [ '4.3.7' ],
14 silly audit   fsevents: [ '2.3.3' ],
14 silly audit   'function-bind': [ '1.1.2' ],
14 silly audit   'get-intrinsic': [ '1.2.4' ],
14 silly audit   glob: [ '10.4.5' ],
14 silly audit   gopd: [ '1.0.1' ],
14 silly audit   'has-property-descriptors': [ '1.0.2' ],
14 silly audit   'has-proto': [ '1.0.3' ],
14 silly audit   'has-symbols': [ '1.0.3' ],
14 silly audit   hasown: [ '2.0.2' ],
14 silly audit   html2canvas: [ '1.4.1' ],
14 silly audit   'html2pdf.js': [ '0.10.2' ],
14 silly audit   'is-binary-path': [ '2.1.0' ],
14 silly audit   'is-core-module': [ '2.15.1' ],
14 silly audit   'is-extglob': [ '2.1.1' ],
14 silly audit   'is-fullwidth-code-point': [ '3.0.0' ],
14 silly audit   'is-glob': [ '4.0.3' ],
14 silly audit   'is-number': [ '7.0.0' ],
14 silly audit   isexe: [ '2.0.0' ],
14 silly audit   jackspeak: [ '3.4.3' ],
14 silly audit   jiti: [ '1.21.6' ],
14 silly audit   jspdf: [ '2.5.2' ],
14 silly audit   'jspdf-autotable': [ '3.8.3' ],
14 silly audit   'laravel-vite-plugin': [ '1.0.5' ],
14 silly audit   lilconfig: [ '2.1.0', '3.1.2' ],
14 silly audit   'lines-and-columns': [ '1.2.4' ],
14 silly audit   'local-pkg': [ '0.5.0' ],
14 silly audit   'lodash.clonedeep': [ '4.5.0' ],
14 silly audit   'lodash.isequal': [ '4.5.0' ],
14 silly audit   'lru-cache': [ '10.4.3' ],
14 silly audit   'magic-string': [ '0.30.11' ],
14 silly audit   merge2: [ '1.4.1' ],
14 silly audit   micromatch: [ '4.0.8' ],
14 silly audit   'mime-db': [ '1.52.0' ],
14 silly audit   'mime-types': [ '2.1.35' ],
14 silly audit   'mini-svg-data-uri': [ '1.4.4' ],
14 silly audit   minimatch: [ '9.0.5' ],
14 silly audit   minipass: [ '7.1.2' ],
14 silly audit   mlly: [ '1.7.1' ],
14 silly audit   ms: [ '2.1.3' ],
14 silly audit   mz: [ '2.7.0' ],
14 silly audit   nanoid: [ '3.3.7' ],
14 silly audit   'node-releases': [ '2.0.18' ],
14 silly audit   'normalize-path': [ '3.0.0' ],
14 silly audit   'normalize-range': [ '0.1.2' ],
14 silly audit   nprogress: [ '0.2.0' ],
14 silly audit   'object-assign': [ '4.1.1' ],
14 silly audit   'object-hash': [ '3.0.0' ],
14 silly audit   'object-inspect': [ '1.13.2' ],
14 silly audit   'package-json-from-dist': [ '1.0.1' ],
14 silly audit   'path-key': [ '3.1.1' ],
14 silly audit   'path-parse': [ '1.0.7' ],
14 silly audit   'path-scurry': [ '1.11.1' ],
14 silly audit   pathe: [ '1.1.2' ],
14 silly audit   'performance-now': [ '2.1.0' ],
14 silly audit   picocolors: [ '1.1.0' ],
14 silly audit   picomatch: [ '2.3.1' ],
14 silly audit   pify: [ '2.3.0' ],
14 silly audit   pirates: [ '4.0.6' ],
14 silly audit   'pkg-types': [ '1.2.0' ],
14 silly audit   postcss: [ '8.4.47' ],
14 silly audit   'postcss-import': [ '15.1.0' ],
14 silly audit   'postcss-js': [ '4.0.1' ],
14 silly audit   'postcss-load-config': [ '4.0.2' ],
14 silly audit   'postcss-nested': [ '6.2.0' ],
14 silly audit   'postcss-selector-parser': [ '6.1.2' ],
14 silly audit   'postcss-value-parser': [ '4.2.0' ],
14 silly audit   primeicons: [ '7.0.0' ],
14 silly audit   primevue: [ '4.0.7' ],
14 silly audit   'proxy-from-env': [ '1.1.0' ],
14 silly audit   qs: [ '6.13.0' ],
14 silly audit   'queue-microtask': [ '1.2.3' ],
14 silly audit   raf: [ '3.4.1' ],
14 silly audit   'read-cache': [ '1.0.0' ],
14 silly audit   readdirp: [ '3.6.0' ],
14 silly audit   resolve: [ '1.22.8' ],
14 silly audit   reusify: [ '1.0.4' ],
14 silly audit   rgbcolor: [ '1.0.1' ],
14 silly audit   rollup: [ '4.24.0' ],
14 silly audit   'run-parallel': [ '1.2.0' ],
14 silly audit   'set-function-length': [ '1.2.2' ],
14 silly audit   'shebang-command': [ '2.0.0' ],
14 silly audit   'shebang-regex': [ '3.0.0' ],
14 silly audit   'side-channel': [ '1.0.6' ],
14 silly audit   'signal-exit': [ '4.1.0' ],
14 silly audit   'source-map-js': [ '1.2.1' ],
14 silly audit   'stackblur-canvas': [ '2.7.0' ],
14 silly audit   'string-width': [ '5.1.2', '4.2.3' ],
14 silly audit   'strip-ansi': [ '6.0.1', '7.1.0' ],
14 silly audit   sucrase: [ '3.35.0' ],
14 silly audit   'supports-preserve-symlinks-flag': [ '1.0.0' ],
14 silly audit   'svg-pathdata': [ '6.0.3' ],
14 silly audit   tailwindcss: [ '3.4.13' ],
14 silly audit   'text-segmentation': [ '1.0.3' ],
14 silly audit   thenify: [ '3.3.1' ],
14 silly audit   'thenify-all': [ '1.6.0' ],
14 silly audit   'to-fast-properties': [ '2.0.0' ],
14 silly audit   'to-regex-range': [ '5.0.1' ],
14 silly audit   'ts-interface-checker': [ '0.1.13' ],
14 silly audit   ufo: [ '1.5.4' ],
14 silly audit   unplugin: [ '1.14.1' ],
14 silly audit   'unplugin-vue-components': [ '0.27.4' ],
14 silly audit   'update-browserslist-db': [ '1.1.1' ],
14 silly audit   'util-deprecate': [ '1.0.2' ],
14 silly audit   utrie: [ '1.0.2' ],
14 silly audit   vite: [ '5.4.8' ],
14 silly audit   'vite-plugin-full-reload': [ '1.2.0' ],
14 silly audit   vue: [ '3.5.11' ],
14 silly audit   'vue-i18n': [ '10.0.4' ],
14 silly audit   'webpack-virtual-modules': [ '0.6.2' ],
14 silly audit   which: [ '2.0.2' ],
14 silly audit   'wrap-ansi': [ '8.1.0', '7.0.0' ],
14 silly audit   yaml: [ '2.5.1' ]
14 silly audit }
15 verbose reify failed optional dependency /var/www/node_modules/fsevents
16 silly reify mark deleted [ '/var/www/node_modules/fsevents' ]
17 verbose reify failed optional dependency /var/www/node_modules/@rollup/rollup-win32-x64-msvc
18 silly reify mark deleted [ '/var/www/node_modules/@rollup/rollup-win32-x64-msvc' ]
19 verbose reify failed optional dependency /var/www/node_modules/@rollup/rollup-win32-ia32-msvc
20 silly reify mark deleted [ '/var/www/node_modules/@rollup/rollup-win32-ia32-msvc' ]
21 verbose reify failed optional dependency /var/www/node_modules/@rollup/rollup-win32-arm64-msvc
22 silly reify mark deleted [ '/var/www/node_modules/@rollup/rollup-win32-arm64-msvc' ]
23 verbose reify failed optional dependency /var/www/node_modules/@rollup/rollup-linux-s390x-gnu
24 silly reify mark deleted [ '/var/www/node_modules/@rollup/rollup-linux-s390x-gnu' ]
25 verbose reify failed optional dependency /var/www/node_modules/@rollup/rollup-linux-riscv64-gnu
26 silly reify mark deleted [ '/var/www/node_modules/@rollup/rollup-linux-riscv64-gnu' ]
27 verbose reify failed optional dependency /var/www/node_modules/@rollup/rollup-linux-powerpc64le-gnu
28 silly reify mark deleted [ '/var/www/node_modules/@rollup/rollup-linux-powerpc64le-gnu' ]
29 verbose reify failed optional dependency /var/www/node_modules/@rollup/rollup-linux-arm64-musl
30 silly reify mark deleted [ '/var/www/node_modules/@rollup/rollup-linux-arm64-musl' ]
31 verbose reify failed optional dependency /var/www/node_modules/@rollup/rollup-linux-arm64-gnu
32 silly reify mark deleted [ '/var/www/node_modules/@rollup/rollup-linux-arm64-gnu' ]
33 verbose reify failed optional dependency /var/www/node_modules/@rollup/rollup-linux-arm-musleabihf
34 silly reify mark deleted [ '/var/www/node_modules/@rollup/rollup-linux-arm-musleabihf' ]
35 verbose reify failed optional dependency /var/www/node_modules/@rollup/rollup-linux-arm-gnueabihf
36 silly reify mark deleted [ '/var/www/node_modules/@rollup/rollup-linux-arm-gnueabihf' ]
37 verbose reify failed optional dependency /var/www/node_modules/@rollup/rollup-darwin-x64
38 silly reify mark deleted [ '/var/www/node_modules/@rollup/rollup-darwin-x64' ]
39 verbose reify failed optional dependency /var/www/node_modules/@rollup/rollup-darwin-arm64
40 silly reify mark deleted [ '/var/www/node_modules/@rollup/rollup-darwin-arm64' ]
41 verbose reify failed optional dependency /var/www/node_modules/@rollup/rollup-android-arm64
42 silly reify mark deleted [ '/var/www/node_modules/@rollup/rollup-android-arm64' ]
43 verbose reify failed optional dependency /var/www/node_modules/@rollup/rollup-android-arm-eabi
44 silly reify mark deleted [ '/var/www/node_modules/@rollup/rollup-android-arm-eabi' ]
45 verbose reify failed optional dependency /var/www/node_modules/@esbuild/win32-x64
46 silly reify mark deleted [ '/var/www/node_modules/@esbuild/win32-x64' ]
47 verbose reify failed optional dependency /var/www/node_modules/@esbuild/win32-ia32
48 silly reify mark deleted [ '/var/www/node_modules/@esbuild/win32-ia32' ]
49 verbose reify failed optional dependency /var/www/node_modules/@esbuild/win32-arm64
50 silly reify mark deleted [ '/var/www/node_modules/@esbuild/win32-arm64' ]
51 verbose reify failed optional dependency /var/www/node_modules/@esbuild/sunos-x64
52 silly reify mark deleted [ '/var/www/node_modules/@esbuild/sunos-x64' ]
53 verbose reify failed optional dependency /var/www/node_modules/@esbuild/openbsd-x64
54 silly reify mark deleted [ '/var/www/node_modules/@esbuild/openbsd-x64' ]
55 verbose reify failed optional dependency /var/www/node_modules/@esbuild/netbsd-x64
56 silly reify mark deleted [ '/var/www/node_modules/@esbuild/netbsd-x64' ]
57 verbose reify failed optional dependency /var/www/node_modules/@esbuild/linux-s390x
58 silly reify mark deleted [ '/var/www/node_modules/@esbuild/linux-s390x' ]
59 verbose reify failed optional dependency /var/www/node_modules/@esbuild/linux-riscv64
60 silly reify mark deleted [ '/var/www/node_modules/@esbuild/linux-riscv64' ]
61 verbose reify failed optional dependency /var/www/node_modules/@esbuild/linux-ppc64
62 silly reify mark deleted [ '/var/www/node_modules/@esbuild/linux-ppc64' ]
63 verbose reify failed optional dependency /var/www/node_modules/@esbuild/linux-mips64el
64 silly reify mark deleted [ '/var/www/node_modules/@esbuild/linux-mips64el' ]
65 verbose reify failed optional dependency /var/www/node_modules/@esbuild/linux-loong64
66 silly reify mark deleted [ '/var/www/node_modules/@esbuild/linux-loong64' ]
67 verbose reify failed optional dependency /var/www/node_modules/@esbuild/linux-ia32
68 silly reify mark deleted [ '/var/www/node_modules/@esbuild/linux-ia32' ]
69 verbose reify failed optional dependency /var/www/node_modules/@esbuild/linux-arm64
70 silly reify mark deleted [ '/var/www/node_modules/@esbuild/linux-arm64' ]
71 verbose reify failed optional dependency /var/www/node_modules/@esbuild/linux-arm
72 silly reify mark deleted [ '/var/www/node_modules/@esbuild/linux-arm' ]
73 verbose reify failed optional dependency /var/www/node_modules/@esbuild/freebsd-x64
74 silly reify mark deleted [ '/var/www/node_modules/@esbuild/freebsd-x64' ]
75 verbose reify failed optional dependency /var/www/node_modules/@esbuild/freebsd-arm64
76 silly reify mark deleted [ '/var/www/node_modules/@esbuild/freebsd-arm64' ]
77 verbose reify failed optional dependency /var/www/node_modules/@esbuild/darwin-x64
78 silly reify mark deleted [ '/var/www/node_modules/@esbuild/darwin-x64' ]
79 verbose reify failed optional dependency /var/www/node_modules/@esbuild/darwin-arm64
80 silly reify mark deleted [ '/var/www/node_modules/@esbuild/darwin-arm64' ]
81 verbose reify failed optional dependency /var/www/node_modules/@esbuild/android-x64
82 silly reify mark deleted [ '/var/www/node_modules/@esbuild/android-x64' ]
83 verbose reify failed optional dependency /var/www/node_modules/@esbuild/android-arm64
84 silly reify mark deleted [ '/var/www/node_modules/@esbuild/android-arm64' ]
85 verbose reify failed optional dependency /var/www/node_modules/@esbuild/android-arm
86 silly reify mark deleted [ '/var/www/node_modules/@esbuild/android-arm' ]
87 verbose reify failed optional dependency /var/www/node_modules/@esbuild/aix-ppc64
88 silly reify mark deleted [ '/var/www/node_modules/@esbuild/aix-ppc64' ]
89 http fetch GET 200 https://registry.npmjs.org/npm 1352ms
90 http fetch POST 200 https://registry.npmjs.org/-/npm/v1/security/advisories/bulk 767ms
91 silly audit report {}
92 silly ADD
93 silly ADD
94 silly ADD
95 silly ADD
96 silly ADD
97 silly ADD
98 silly ADD
99 silly ADD
100 silly ADD
101 silly ADD
102 silly ADD
103 silly ADD
104 silly ADD
105 silly ADD
106 silly ADD
107 silly ADD
108 silly ADD
109 silly ADD
110 silly ADD
111 silly ADD
112 silly ADD
113 silly ADD
114 silly ADD
115 silly ADD
116 silly ADD
117 silly ADD
118 silly ADD
119 silly ADD
120 silly ADD
121 silly ADD
122 silly ADD
123 silly ADD
124 silly ADD
125 silly ADD
126 silly ADD
127 silly ADD
128 silly ADD
129 verbose cwd /var/www
130 verbose os Linux 6.10.4-linuxkit
131 verbose node v18.20.4
132 verbose npm  v10.9.0
133 verbose exit 0
134 info ok
